# LAB1 REPORT

## 总述

本次lab包含六个练习，包含了工程工具的使用，操作系统的启动（BIOS，bootloader，保护模式，elf文件，磁盘读取，等等），堆栈，中断处理等知识。


## 练习一

Makefile通过脚本负责从编译到调试以及评分的各项工作，我们以下分析操作系统镜像ucore.img的生成过程。

ucore.img由两部分组成，即kernel与bootblock。bootblock是MBR，负责将操作系统主体加载入内存，而kernel则是操作系统的主体，之后的所有lab都只在kernel中进行。

### bootblock

bootblock编译的makefile脚本如下：

```
# create bootblock
bootfiles = $(call listf_cc,boot)
$(foreach f,$(bootfiles),$(call cc_compile,$(f),$(CC),$(CFLAGS) -Os -nostdinc))

bootblock = $(call totarget,bootblock)

$(bootblock): $(call toobj,$(bootfiles)) | $(call totarget,sign)
	@echo + ld $@
	$(V)$(LD) $(LDFLAGS) -N -e start -Ttext 0x7C00 $^ -o $(call toobj,bootblock)
	@$(OBJDUMP) -S $(call objfile,bootblock) > $(call asmfile,bootblock)
	@$(OBJCOPY) -S -O binary $(call objfile,bootblock) $(call outfile,bootblock)
	@$(call totarget,sign) $(call outfile,bootblock) $(bootblock)
```

其中，bootfiles需求中，首先通过gcc编译，从各源码（包括.s, .c）产生.o文件。在makefile文件中，还经过了几层的函数、宏定义包装，这一点由于只是makefile文件里的代码优化，并不十分本质，所以在此不加以详细分析。所得到的最终执行的命令类似于：

```
gcc -Iboot/ -fno-builtin -Wall -ggdb -m32 -gstabs -nostdinc  -fno-stack-protector -Ilibs/ -Os -nostdinc -c boot/bootasm.S -o obj/boot/bootasm.o
```

其中-fno-builtin指定了不加入gcc的内置函数，-fno-stack-protector禁用了栈溢出的检测功能，-nostdinc禁用了默认头文件的搜索，这些缩减了gcc的功能，使得得出的二进制文件仅由我们项目中的文件编译而成，而没有外部依赖。

经过编译之后，每个源文件都在objs文件夹下生成了与之对应的32位.o文件，但还未经过链接。执行的链接命令为：


```
ld -m    elf_i386 -nostdlib -N -e start -Ttext 0x7C00 obj/boot/bootasm.o obj/boot/bootmain.o -o obj/bootblock.o
```

-m elf_i386指定了生成elf格式的目标文件，-nostdlib阻止ld链接标准库，-e start指定了程序入口(bootasm.S中的start标记)，-Ttext 0x7C00规定了入点的绝对地址为0x7C00，这是BIOS装入MBR后的执行地址。

但是这里生成的是elf文件，BIOS并不能处理elf格式文件，只能简单地跳转到目标地址继续执行而已，因此必须把引导扇区转为裸二进制文件。使用的方法是先objdump反汇编，再用objcopy汇编成纯二进制格式文件，最后再用应该简单的sign脚本，给这个二进制文件加上0x55AA作为引导扇区结尾，这样即完成了MBR的创建：

```
objdump -S obj/bootblock.o > obj/bootblock.asm
objcopy -S -O binary obj/bootblock.o obj/bootblock.out
bin/sign obj/bootblock.out bin/bootblock
```



### kernel

kernel的生成代码如下：

```
KINCLUDE	+= kern/debug/ \
			   kern/driver/ \
			   kern/trap/ \
			   kern/mm/

KSRCDIR		+= kern/init \
			   kern/libs \
			   kern/debug \
			   kern/driver \
			   kern/trap \
			   kern/mm

KCFLAGS		+= $(addprefix -I,$(KINCLUDE))

$(call add_files_cc,$(call listf_cc,$(KSRCDIR)),kernel,$(KCFLAGS))

KOBJS	= $(call read_packet,kernel libs)

kernel = $(call totarget,kernel)

$(kernel): tools/kernel.ld

$(kernel): $(KOBJS)
	@echo + ld $@
	$(V)$(LD) $(LDFLAGS) -T tools/kernel.ld -o $@ $(KOBJS)
	@$(OBJDUMP) -S $@ > $(call asmfile,kernel)
	@$(OBJDUMP) -t $@ | $(SED) '1,/SYMBOL TABLE/d; s/ .* / /; /^$$/d' > $(call symfile,kernel)
```

这里首先是使用了listf\_cc把源代码目录下的.S和.c文件都列举出来，然后add\_files\_cc这个函数把这些文件都添加上相应的规则。实际上调用的指令和之前的bootblock中gcc的调用基本完全一致，只是附加了对项目内头文件的引用(KCFLAGS).

接下来使用ld拼接obj文件，这里除了与bootblock相同的参数外，还使用了kernel.ld脚本控制二进制文件的生成。这一脚本负责安排kernel内的数据区域，从0x100000开始，分别存放代码段, rodata只读数据段, 符号表调试信息，data，bss段。同时给各段开始结束位置添加了符号名，方便在debug时查看。

此外，还用objdump生成了kernel的汇编代码和符号表信息，虽然没有用到但可供查看。

### 拼合



```
UCOREIMG	:= $(call totarget,ucore.img)

$(UCOREIMG): $(kernel) $(bootblock)
	$(V)dd if=/dev/zero of=$@ count=10000
	$(V)dd if=$(bootblock) of=$@ conv=notrunc
	$(V)dd if=$(kernel) of=$@ seek=1 conv=notrunc
```

这里使用dd命令控制文件流，首先从0设备读入5120000字节数据，构成约5MB的空白磁盘文件；然后分别将bootblock和kernel读入，bootblock为第一个扇区，kernel通过seek=1被定位到从第二个扇区开始存储。

经过以上操作，即完成了磁盘的完整构建。

系统的主引导扇区的特征即为末尾为0x55AA, 这由sign工具完成。

## 练习二

在这里使用gdbinit脚本来进行gdb的设置：

```
file bin/kernel
target remote :1234
define hook-stop
x/i $pc
end
break *0x7c00
```

在0x7c00设置断点。使用make debug进行调试，观察到第一条指令的pc显示为0xfff0(实际上应该为0xfffffff0).

接下来使用stepi追踪其运行，0xfffffff0入口处第一条指令跳转至0xe50b，这里是初始BIOS的地址。接下来，加载入MBR之后，跳转至0x7c00开始正式执行MBR。

在执行过程中，使用x/10i $pc指令即可对接下来的代码进行反编译，与kernel.asm相对比，发现两者完全一致：

```
=> 0x7c00:      cli    
   0x7c01:      cld    
   0x7c02:      xor    %eax,%eax
   0x7c04:      mov    %eax,%ds
   0x7c06:      mov    %eax,%es
   0x7c08:      mov    %eax,%ss
   0x7c0a:      in     $0x64,%al
   ......
```

不过如上用绝对地址设置断点是不常见的，更方便的用法是用符号表来设置断点，如在初始化处设置断点：

```
break kern_init
```

则机器将在kern\_init函数入口点停止，显示调试信息为：

```
(gdb) c
Continuing.
=> 0x100000 <kern_init>:        push   %ebp

Breakpoint 1, kern_init () at kern/init/init.c:17
```

## 练习三

初始化与开启保护模式共分三步：

### 开启A20

由于历史兼容性原因，地址线的20位默认被关闭，即常置为0.为了正常寻址，需要将A20打开。相关代码如下：

```
seta20.1:
    inb $0x64, %al                                  # Wait for not busy(8042 input buffer empty).
    testb $0x2, %al
    jnz seta20.1

    movb $0xd1, %al                                 # 0xd1 -> port 0x64
    outb %al, $0x64                                 # 0xd1 means: write data to 8042's P2 port

seta20.2:
    inb $0x64, %al                                  # Wait for not busy(8042 input buffer empty).
    testb $0x2, %al
    jnz seta20.2

    movb $0xdf, %al                                 # 0xdf -> port 0x60
    outb %al, $0x60                                 # 0xdf = 11011111, means set P2's A20 bit(the 1 bit) to 1
```

包含4步，其中1,3两步是相同的，即轮询读出0x64，当其第2位为0时表示8042键盘控制器的input buffer为空，可以进行写入。

第2,4步将0xd1写入0x64, 然后将0xdf写入0x60，这样就完成了一整个A20 gate的设置。

### 设置GDT表

设置GDT表仅需要一行命令：

```
lgdt gdtdesc

# ......

.p2align 2                                          # force 4 byte alignment
gdt:
    SEG_NULLASM                                     # null seg
    SEG_ASM(STA_X|STA_R, 0x0, 0xffffffff)           # code seg for bootloader and kernel
    SEG_ASM(STA_W, 0x0, 0xffffffff)                 # data seg for bootloader and kernel

gdtdesc:
    .word 0x17                                      # sizeof(gdt) - 1
    .long gdt                                       # address gdt
```

这里gdtdesc的结构为，一个表示gdt大小的字段，然后是指向gdt开始的指针。这里用宏定义了的数据段直接存放了各段描述符作为常量。

### 设置保护模式

设置保护模式只需将cr0寄存器的相关位设成1即可。

```
movl %cr0, %eax
orl $CR0_PE_ON, %eax
movl %eax, %cr0
```

接下来经过跳转，即可进入32位代码段。

至此，初始化就完成了。

## 练习四

bootloader进行的工作之一就是将操作系统的剩余部分加载入内存中。

根据之前ucore.img的生成，kernel作为elf文件，其起始地址位于紧接着MBR的第二个扇区。在bootloader里用如下函数来负责读出一个扇区：

```
static void
readsect(void *dst, uint32_t secno) {
    // wait for disk to be ready
    waitdisk();

    outb(0x1F2, 1);                         // count = 1
    outb(0x1F3, secno & 0xFF);
    outb(0x1F4, (secno >> 8) & 0xFF);
    outb(0x1F5, (secno >> 16) & 0xFF);
    outb(0x1F6, ((secno >> 24) & 0xF) | 0xE0);
    outb(0x1F7, 0x20);                      // cmd 0x20 - read sectors

    // wait for disk to be ready
    waitdisk();

    // read a sector
    insl(0x1F0, dst, SECTSIZE / 4);
}
```

这里和磁盘的硬件接口直接相关，在向映射的设备地址里输入相应的参数之后，使用轮询来完成磁盘操作。至于具体的接口约定，如指导gitbook硬盘访问概述一节所述，在这里复述并没有什么太大意义。向0x1F2-0x1F7分别写入读取硬盘的参数，轮询直至0x1F7的第3位为1，第4位为0时表示磁盘已经空闲，可以下一次访问。

通过反复执行读单个扇区的操作，即可实现读一段硬盘。至此可以正式加载内核了。不过，由于内核是一elf文件，故需要先读出文件的信息elfhdr，这存放在最前的8个扇区之中，elf文件的起始即为elfhdr结构的起始。其重要的两个参数分别是phoff和phnum,分别代表了程序段描述结构proghdr数组的起始位置和总段数目。

根据各段的proghdr结构中的va(载入目标地址)，memsz(段长度)，offset(磁盘中的起始位置)，即可将各段逐一载入。

## 练习五

为了进行堆栈打印，需要完成以下几件事：ebp的获取，eip的获取，参数的获取，符号信息的获取，堆栈的追溯（ebp的更改）。

这其中:

+ ebp可以由mov指令直接获得；
+ eip可以通过call指令压栈后从栈中读取；
+ 参数可以从栈中直接获得；
+ 符号信息需要通过stab符号表来查询，比较复杂，稍后将单独说明；
+ 堆栈追溯可以从栈中直接获得。

这里的绝大多数功能了解栈结构即可。进入函数、完成eip,ebp压栈后，从ebp当前指向的地址开始，由地址低到高分别为上层函数的ebp, 上层函数的eip, 本层的参数。

至于符号信息，编译时加的-gstabs参数使得gcc加入了.stab和.stabstr字段，各obj文件的这些字段在ld执行过程中因kernel.ld脚本被汇总在一起。在.stab字段后按二进制文件中的地址顺序存放着所有所需符号的信息数组，.stabstr中存放了所须符号名字符串。需要判断当前eip究竟在哪个函数当中，只需对这些符号表进行二分查找，即可得到函数名字符串指针，函数起始地址，文件名。根据函数起始地址算出当前指令在函数内的偏移量，将这些信息打印出来即可。实际上这部分在代码中已经给出了实现，LAB1中不需要自己实现。

实现后，所得的结果大致如下：

```
ebp:0x00007b18 eip:0x001009bd args:0x00010094 0x00000000 0x00007b38 0x00100097
    kern/debug/kdebug.c:306: print_stackframe+23
ebp:0x00007b38 eip:0x00100c9b args:0x00000000 0x00000000 0x00000000 0x00007b88
    kern/debug/kmonitor.c:125: mon_backtrace+10
ebp:0x00007b58 eip:0x00100097 args:0x00000000 0x00007b60 0xffff0000 0x00007b64
    kern/init/init.c:48: grade_backtrace2+33
ebp:0x00007b78 eip:0x001000c0 args:0x00000000 0xffff0000 0x00007b84 0x00000029
    kern/init/init.c:53: grade_backtrace1+38
ebp:0x00007b98 eip:0x001000de args:0x00000000 0x00100000 0xffff0000 0x0000001d
    kern/init/init.c:58: grade_backtrace0+23
ebp:0x00007bc8 eip:0x00100103 args:0x001035dc 0x001035c0 0x0000130a 0x00000000
    kern/init/init.c:63: grade_backtrace+34
ebp:0x00007bf8 eip:0x00100055 args:0x00000000 0x00000000 0x00000000 0x00010094
    kern/init/init.c:28: kern_init+84
ebp:0x00000000 eip:0x00007d68 args:0xc031fcfa 0xc08ed88e 0x64e4d08e 0xfa7502a8
    <unknow>: -- 0x00007d67 --
```

其中，当追溯到kern\_init这个最初的函数之后，再向上回溯，ebp便进入了BIOS的代码段区域，args中出现的十六进制串实际上是BIOS（和一部分MBR）的代码，这在kern\_init函数入口处查看ebp处的值可以看出。如下所示：

```
(gdb) x/10i $ebp
   0x7bf8:      add    %al,(%eax)
   0x7bfa:      add    %al,(%eax)
   0x7bfc:      dec    %edi
   0x7bfd:      jl     0x7bff
   0x7bff:      add    %bh,%dl
   0x7c01:      cld    
   0x7c02:      xor    %eax,%eax
   0x7c04:      mov    %eax,%ds
   0x7c06:      mov    %eax,%es
   0x7c08:      mov    %eax,%ss

(gdb) x/10x $ebp
0x7bf8: 0x00000000      0x00007c4f      0xc031fcfa      0xc08ed88e
0x7c08: 0x64e4d08e      0xfa7502a8      0x64e6d1b0      0x02a864e4
0x7c18: 0xdfb0fa75      0x010f60e6
```


## 练习六

中断描述符表中的一项为64位，也即8个字节。其最前两个字节，最后两个字节分别是函数入口地址的前16位和后16位。此外，其第5-6这两个字节是段描述符，根据段描述符和函数入口地址，即可完成线性地址到物理地址的寻址。

要完成中断向量表的设置，只需对中断向量表中每一项调用SETGATE宏，进行对应的设置即可。需要注意之处是SYSCALL作为系统调用，其DPL应当设置成DPL\_USER，这样用户也可以访问。

实现时钟中断非常简单，在对应的位置添加处理代码即可。

### 扩展 Challenge 1

为了实现用户态到内核态的切换，尤其是在退出中断后还能够保留已切换的状态，需要手动对中断形成的栈进行修改。

在中断处理过程中，有将段寄存器压入栈/出栈的过程。这样，在处理过程之中将栈中数据修改，在恢复时就可以改变栈位置，从而改变特权级。由于ucore的内核和用户段覆盖完全相同的地址，因此只需修改段寄存器，而无需修改eip，依旧能够在切换特权级时跳转到正确的位置。此外，跨特权级与否决定了栈的结构，因此在修改时需要分类讨论。

首先比较简单的是内核态切用户态。此时，内核态内进行中断，跳转至处理代码依旧是内核态，不发生栈的切换，其中断处理信息全部存在当前的栈中。然而，由于需要转成用户态，返回时发生了栈的切换，因此需要把栈数据补全（在原来的结构末尾加上额外的字段），使其能够在返回时正确获取需要的信息。

```
struct trapframe {
    struct pushregs tf_regs;
    uint16_t tf_gs;
    uint16_t tf_padding0;
    uint16_t tf_fs;
    uint16_t tf_padding1;
    uint16_t tf_es;
    uint16_t tf_padding2;
    uint16_t tf_ds;
    uint16_t tf_padding3;
    uint32_t tf_trapno;
    /* below here defined by x86 hardware */
    uint32_t tf_err;
    uintptr_t tf_eip;
    uint16_t tf_cs;
    uint16_t tf_padding4;
    uint32_t tf_eflags;
    /* below here only when crossing rings, such as from user to kernel */
    uintptr_t tf_esp;
    uint16_t tf_ss;
    uint16_t tf_padding5;
} __attribute__((packed));
```

具体而言，即需要补全esp, ss这两个字段，将其修改即可。此外，一个问题是这样会占用到原本不属于trapframe结构的内存，因此个人的设计是调用中断之前先将栈顶下推，空出必要的空间再进行处理。

用户态切内核态时，其进入中断时切换了特权级，故切换到了内核栈。在这种情况下，若要保证退出之后还是内核态，硬件会保持在当前处于的栈不进行任何切换。这样，栈顶还在内核态栈的位置，这样不能直接回到用户态继续执行。

为了解决这个问题，我们需要：首先将中断产生的数据结构中相关字段进行修改，然后将这个结构从内核栈区域复制到用户态栈区域，并且将栈顶指针esp直接指到用户态栈区域的相应位置。这样，中断处理结束时，虽然没有主动的栈切换，但也自然回到了正常的esp应该处于的位置。


## 其他

### 对答案

观察了参考答案的实现，感觉两者基本等价。LAB1的功能比较简单，各函数的功能都被严谨规定了，没有很大发挥空间。

### 知识点

本次实验覆盖了很大范围的知识点，既有原理上的中断、异常、系统调用实现，也有硬件上的BIOS，elf文件加载，磁盘读取，还有工具上的gdb, makefile等等，知识点比较繁杂，因为操作系统的启动和硬件有着直接的关系。

总体而言课程中的知识点更加系统，实验中的则更加具体细化。磁盘的具体协议，elf文件的详细结构，stab符号信息，这些在课程上都没有进行讲述，属于需要实践中阅读代码查看资料才能了解的。